<?xml version="1.0" encoding="UTF-8"?>
<testsuite xmlns:xsi="http://www.w3.org/2001/XMLSchema-instance" xsi:noNamespaceSchemaLocation="https://maven.apache.org/surefire/maven-surefire-plugin/xsd/surefire-test-report.xsd" version="3.0.2" name="com.apteka.portal.PortalApplicationTests" time="9.74" tests="1" errors="0" skipped="0" failures="0">
  <properties>
[...]
</properties>
  <testcase name="contextLoads" classname="com.apteka.portal.PortalApplicationTests" time="0.018">
    <system-out><![CDATA[14:23:54.855 [main] INFO org.springframework.test.context.support.AnnotationConfigContextLoaderUtils -- Could not detect default configuration classes for test class [com.apteka.portal.PortalApplicationTests]: PortalApplicationTests does not declare any static, non-private, non-final, nested classes annotated with @Configuration.
14:23:54.990 [main] INFO org.springframework.boot.test.context.SpringBootTestContextBootstrapper -- Found @SpringBootConfiguration com.apteka.portal.PortalApplication for test class com.apteka.portal.PortalApplicationTests

  .   ____          _            __ _ _
 /\\ / ___'_ __ _ _(_)_ __  __ _ \ \ \ \
( ( )\___ | '_ | '_| | '_ \/ _` | \ \ \ \
 \\/  ___)| |_)| | | | | || (_| |  ) ) ) )
  '  |____| .__|_| |_|_| |_\__, | / / / /
 =========|_|==============|___/=/_/_/_/

 :: Spring Boot ::                (v3.5.7)

2026-06-04T14:23:55.484+03:00  INFO 21104 --- [portal] [           main] c.apteka.portal.PortalApplicationTests   : Starting PortalApplicationTests using Java 25 with PID 21104 (started by 1 in C:\portfolio-git\portal-apteka\portal)
2026-06-04T14:23:55.485+03:00  INFO 21104 --- [portal] [           main] c.apteka.portal.PortalApplicationTests   : No active profile set, falling back to 1 default profile: "default"
2026-06-04T14:23:57.006+03:00  INFO 21104 --- [portal] [           main] .s.d.r.c.RepositoryConfigurationDelegate : Multiple Spring Data modules found, entering strict repository configuration mode
2026-06-04T14:23:57.009+03:00  INFO 21104 --- [portal] [           main] .s.d.r.c.RepositoryConfigurationDelegate : Bootstrapping Spring Data JPA repositories in DEFAULT mode.
2026-06-04T14:23:57.199+03:00  INFO 21104 --- [portal] [           main] .s.d.r.c.RepositoryConfigurationDelegate : Finished Spring Data repository scanning in 178 ms. Found 10 JPA repository interfaces.
2026-06-04T14:23:57.216+03:00  INFO 21104 --- [portal] [           main] .s.d.r.c.RepositoryConfigurationDelegate : Multiple Spring Data modules found, entering strict repository configuration mode
2026-06-04T14:23:57.217+03:00  INFO 21104 --- [portal] [           main] .s.d.r.c.RepositoryConfigurationDelegate : Bootstrapping Spring Data Redis repositories in DEFAULT mode.
2026-06-04T14:23:57.233+03:00  INFO 21104 --- [portal] [           main] .RepositoryConfigurationExtensionSupport : Spring Data Redis - Could not safely identify store assignment for repository candidate interface com.apteka.portal.repository.AptekaRepository; If you want this repository to be a Redis repository, consider annotating your entities with one of these annotations: org.springframework.data.redis.core.RedisHash (preferred), or consider extending one of the following types with your repository: org.springframework.data.keyvalue.repository.KeyValueRepository
2026-06-04T14:23:57.233+03:00  INFO 21104 --- [portal] [           main] .RepositoryConfigurationExtensionSupport : Spring Data Redis - Could not safely identify store assignment for repository candidate interface com.apteka.portal.repository.ClientRepository; If you want this repository to be a Redis repository, consider annotating your entities with one of these annotations: org.springframework.data.redis.core.RedisHash (preferred), or consider extending one of the following types with your repository: org.springframework.data.keyvalue.repository.KeyValueRepository
2026-06-04T14:23:57.234+03:00  INFO 21104 --- [portal] [           main] .RepositoryConfigurationExtensionSupport : Spring Data Redis - Could not safely identify store assignment for repository candidate interface com.apteka.portal.repository.GroupTaskRepository; If you want this repository to be a Redis repository, consider annotating your entities with one of these annotations: org.springframework.data.redis.core.RedisHash (preferred), or consider extending one of the following types with your repository: org.springframework.data.keyvalue.repository.KeyValueRepository
2026-06-04T14:23:57.234+03:00  INFO 21104 --- [portal] [           main] .RepositoryConfigurationExtensionSupport : Spring Data Redis - Could not safely identify store assignment for repository candidate interface com.apteka.portal.repository.NewsRepository; If you want this repository to be a Redis repository, consider annotating your entities with one of these annotations: org.springframework.data.redis.core.RedisHash (preferred), or consider extending one of the following types with your repository: org.springframework.data.keyvalue.repository.KeyValueRepository
2026-06-04T14:23:57.234+03:00  INFO 21104 --- [portal] [           main] .RepositoryConfigurationExtensionSupport : Spring Data Redis - Could not safely identify store assignment for repository candidate interface com.apteka.portal.repository.RefreshTokenRepository; If you want this repository to be a Redis repository, consider annotating your entities with one of these annotations: org.springframework.data.redis.core.RedisHash (preferred), or consider extending one of the following types with your repository: org.springframework.data.keyvalue.repository.KeyValueRepository
2026-06-04T14:23:57.234+03:00  INFO 21104 --- [portal] [           main] .RepositoryConfigurationExtensionSupport : Spring Data Redis - Could not safely identify store assignment for repository candidate interface com.apteka.portal.repository.TaskCommentRepository; If you want this repository to be a Redis repository, consider annotating your entities with one of these annotations: org.springframework.data.redis.core.RedisHash (preferred), or consider extending one of the following types with your repository: org.springframework.data.keyvalue.repository.KeyValueRepository
2026-06-04T14:23:57.234+03:00  INFO 21104 --- [portal] [           main] .RepositoryConfigurationExtensionSupport : Spring Data Redis - Could not safely identify store assignment for repository candidate interface com.apteka.portal.repository.TaskPictureRepository; If you want this repository to be a Redis repository, consider annotating your entities with one of these annotations: org.springframework.data.redis.core.RedisHash (preferred), or consider extending one of the following types with your repository: org.springframework.data.keyvalue.repository.KeyValueRepository
2026-06-04T14:23:57.235+03:00  INFO 21104 --- [portal] [           main] .RepositoryConfigurationExtensionSupport : Spring Data Redis - Could not safely identify store assignment for repository candidate interface com.apteka.portal.repository.TaskRepository; If you want this repository to be a Redis repository, consider annotating your entities with one of these annotations: org.springframework.data.redis.core.RedisHash (preferred), or consider extending one of the following types with your repository: org.springframework.data.keyvalue.repository.KeyValueRepository
2026-06-04T14:23:57.236+03:00  INFO 21104 --- [portal] [           main] .RepositoryConfigurationExtensionSupport : Spring Data Redis - Could not safely identify store assignment for repository candidate interface com.apteka.portal.repository.UserGroupRepository; If you want this repository to be a Redis repository, consider annotating your entities with one of these annotations: org.springframework.data.redis.core.RedisHash (preferred), or consider extending one of the following types with your repository: org.springframework.data.keyvalue.repository.KeyValueRepository
2026-06-04T14:23:57.236+03:00  INFO 21104 --- [portal] [           main] .RepositoryConfigurationExtensionSupport : Spring Data Redis - Could not safely identify store assignment for repository candidate interface com.apteka.portal.repository.WorkTypeRepository; If you want this repository to be a Redis repository, consider annotating your entities with one of these annotations: org.springframework.data.redis.core.RedisHash (preferred), or consider extending one of the following types with your repository: org.springframework.data.keyvalue.repository.KeyValueRepository
2026-06-04T14:23:57.236+03:00  INFO 21104 --- [portal] [           main] .s.d.r.c.RepositoryConfigurationDelegate : Finished Spring Data repository scanning in 9 ms. Found 0 Redis repository interfaces.
2026-06-04T14:23:57.835+03:00  INFO 21104 --- [portal] [           main] com.zaxxer.hikari.HikariDataSource       : HikariPool-1 - Starting...
2026-06-04T14:23:58.057+03:00  INFO 21104 --- [portal] [           main] com.zaxxer.hikari.pool.HikariPool        : HikariPool-1 - Added connection org.postgresql.jdbc.PgConnection@39acf187
2026-06-04T14:23:58.058+03:00  INFO 21104 --- [portal] [           main] com.zaxxer.hikari.HikariDataSource       : HikariPool-1 - Start completed.
2026-06-04T14:23:58.138+03:00  INFO 21104 --- [portal] [           main] o.f.c.internal.license.VersionPrinter    : Flyway Community Edition 9.22.3 by Redgate
2026-06-04T14:23:58.138+03:00  INFO 21104 --- [portal] [           main] o.f.c.internal.license.VersionPrinter    : See release notes here: https://rd.gt/416ObMi
2026-06-04T14:23:58.138+03:00  INFO 21104 --- [portal] [           main] o.f.c.internal.license.VersionPrinter    : 
2026-06-04T14:23:58.154+03:00  INFO 21104 --- [portal] [           main] org.flywaydb.core.FlywayExecutor         : Database: jdbc:postgresql://localhost:5432/portal (PostgreSQL 18.0)
2026-06-04T14:23:58.159+03:00  WARN 21104 --- [portal] [           main] o.f.c.internal.database.base.Database    : Flyway upgrade recommended: PostgreSQL 18.0 is newer than this version of Flyway and support has not been tested. The latest supported version of PostgreSQL is 15.
2026-06-04T14:23:58.229+03:00  INFO 21104 --- [portal] [           main] o.f.core.internal.command.DbValidate     : Successfully validated 16 migrations (execution time 00:00.056s)
2026-06-04T14:23:58.336+03:00  INFO 21104 --- [portal] [           main] o.f.core.internal.command.DbMigrate      : Current version of schema "public": 16
2026-06-04T14:23:58.340+03:00  INFO 21104 --- [portal] [           main] o.f.core.internal.command.DbMigrate      : Schema "public" is up to date. No migration necessary.
2026-06-04T14:23:58.517+03:00  INFO 21104 --- [portal] [           main] o.hibernate.jpa.internal.util.LogHelper  : HHH000204: Processing PersistenceUnitInfo [name: default]
2026-06-04T14:23:58.654+03:00  INFO 21104 --- [portal] [           main] org.hibernate.Version                    : HHH000412: Hibernate ORM core version 6.6.33.Final
2026-06-04T14:23:58.699+03:00  INFO 21104 --- [portal] [           main] o.h.c.internal.RegionFactoryInitiator    : HHH000026: Second-level cache disabled
2026-06-04T14:23:58.869+03:00  INFO 21104 --- [portal] [           main] o.s.o.j.p.SpringPersistenceUnitInfo      : No LoadTimeWeaver setup: ignoring JPA class transformer
2026-06-04T14:23:58.950+03:00  WARN 21104 --- [portal] [           main] org.hibernate.orm.deprecation            : HHH90000025: PostgreSQLDialect does not need to be specified explicitly using 'hibernate.dialect' (remove the property setting and it will be selected by default)
2026-06-04T14:23:58.967+03:00  INFO 21104 --- [portal] [           main] org.hibernate.orm.connections.pooling    : HHH10001005: Database info:
	Database JDBC URL [Connecting through datasource 'HikariDataSource (HikariPool-1)']
	Database driver: undefined/unknown
	Database version: 18.0
	Autocommit mode: undefined/unknown
	Isolation level: undefined/unknown
	Minimum pool size: undefined/unknown
	Maximum pool size: undefined/unknown
2026-06-04T14:23:59.891+03:00  INFO 21104 --- [portal] [           main] o.h.e.t.j.p.i.JtaPlatformInitiator       : HHH000489: No JTA platform available (set 'hibernate.transaction.jta.platform' to enable JTA platform integration)
2026-06-04T14:23:59.951+03:00  INFO 21104 --- [portal] [           main] j.LocalContainerEntityManagerFactoryBean : Initialized JPA EntityManagerFactory for persistence unit 'default'
2026-06-04T14:24:00.089+03:00  WARN 21104 --- [portal] [           main] JpaBaseConfiguration$JpaWebConfiguration : spring.jpa.open-in-view is enabled by default. Therefore, database queries may be performed during view rendering. Explicitly configure spring.jpa.open-in-view to disable this warning
2026-06-04T14:24:00.648+03:00  INFO 21104 --- [portal] [           main] o.s.d.j.r.query.QueryEnhancerFactory     : Hibernate is in classpath; If applicable, HQL parser will be used.
2026-06-04T14:24:02.486+03:00  INFO 21104 --- [portal] [           main] r$InitializeUserDetailsManagerConfigurer : Global AuthenticationManager configured with UserDetailsService bean with name appUserDetailService
2026-06-04T14:24:03.229+03:00  WARN 21104 --- [portal] [           main] o.s.w.s.resource.ResourceHandlerUtils    : Appended trailing slash to static resource location: file:///C:/portfolio-git/portal-apteka/portal/uploads/avatars/
2026-06-04T14:24:03.391+03:00  INFO 21104 --- [portal] [           main] o.s.b.a.e.web.EndpointLinksResolver      : Exposing 1 endpoint beneath base path '/actuator'
2026-06-04T14:24:03.739+03:00  INFO 21104 --- [portal] [           main] o.s.v.b.OptionalValidatorFactoryBean     : Failed to set up a Bean Validation provider: jakarta.validation.NoProviderFoundException: Unable to create a Configuration, because no Jakarta Bean Validation provider could be found. Add a provider like Hibernate Validator (RI) to your classpath.
2026-06-04T14:24:04.232+03:00  INFO 21104 --- [portal] [           main] c.apteka.portal.PortalApplicationTests   : Started PortalApplicationTests in 9.067 seconds (process running for 11.904)
]]></system-out>
  </testcase>
</testsuite>